<?xml version="1.0" encoding="UTF-8"?>
<!-- Generated by org.testng.reporters.JUnitXMLReporter -->
<testsuite hostname="DESKTOP-FQ1JJKR" ignored="0" name="Default test" tests="16" failures="0" timestamp="2021-09-27T12:53:39 CEST" time="11.42" errors="0">
  <testcase name="test_connection_to_api_simulator" time="2.116" classname="ApiTaskTest.TestRest"/>
  <testcase name="test_failure_request" time="1.261" classname="ApiTaskTest.TestRest"/>
  <testcase name="test_failure_request" time="0.461" classname="ApiTaskTest.TestRest"/>
  <testcase name="test_failure_request" time="0.326" classname="ApiTaskTest.TestRest"/>
  <testcase name="test_failure_request" time="0.34" classname="ApiTaskTest.TestRest"/>
  <testcase name="test_failure_request" time="0.357" classname="ApiTaskTest.TestRest"/>
  <testcase name="test_failure_request" time="0.31" classname="ApiTaskTest.TestRest"/>
  <testcase name="test_failure_request" time="0.338" classname="ApiTaskTest.TestRest"/>
  <testcase name="test_failure_request" time="0.316" classname="ApiTaskTest.TestRest"/>
  <testcase name="test_failure_request" time="0.335" classname="ApiTaskTest.TestRest"/>
  <testcase name="test_failure_request" time="0.313" classname="ApiTaskTest.TestRest"/>
  <testcase name="test_failure_request" time="0.332" classname="ApiTaskTest.TestRest"/>
  <testcase name="test_successful_request" time="2.589" classname="ApiTaskTest.TestRest"/>
  <testcase name="test_successful_request" time="0.662" classname="ApiTaskTest.TestRest"/>
  <testcase name="test_successful_request" time="0.646" classname="ApiTaskTest.TestRest"/>
  <testcase name="test_successful_request" time="0.635" classname="ApiTaskTest.TestRest"/>
</testsuite> <!-- Default test -->
