<?xml version="1.0" encoding="UTF-8"?>
<!-- Generated by org.testng.reporters.JUnitXMLReporter -->
<testsuite hostname="DESKTOP-FQ1JJKR" ignored="0" name="Default test" tests="16" failures="0" timestamp="2021-09-27T12:43:19 CEST" time="9.687" errors="0">
  <testcase name="test_connection_to_api_simulator" time="1.928" classname="ApiTaskTest.TestRest"/>
  <testcase name="test_failure_request" time="1.55" classname="ApiTaskTest.TestRest"/>
  <testcase name="test_failure_request" time="0.32" classname="ApiTaskTest.TestRest"/>
  <testcase name="test_failure_request" time="0.326" classname="ApiTaskTest.TestRest"/>
  <testcase name="test_failure_request" time="0.349" classname="ApiTaskTest.TestRest"/>
  <testcase name="test_failure_request" time="0.308" classname="ApiTaskTest.TestRest"/>
  <testcase name="test_failure_request" time="0.404" classname="ApiTaskTest.TestRest"/>
  <testcase name="test_failure_request" time="0.304" classname="ApiTaskTest.TestRest"/>
  <testcase name="test_failure_request" time="0.347" classname="ApiTaskTest.TestRest"/>
  <testcase name="test_failure_request" time="0.327" classname="ApiTaskTest.TestRest"/>
  <testcase name="test_failure_request" time="0.36" classname="ApiTaskTest.TestRest"/>
  <testcase name="test_failure_request" time="0.3" classname="ApiTaskTest.TestRest"/>
  <testcase name="test_successful_request" time="0.733" classname="ApiTaskTest.TestRest"/>
  <testcase name="test_successful_request" time="0.697" classname="ApiTaskTest.TestRest"/>
  <testcase name="test_successful_request" time="0.61" classname="ApiTaskTest.TestRest"/>
  <testcase name="test_successful_request" time="0.729" classname="ApiTaskTest.TestRest"/>
</testsuite> <!-- Default test -->
