<?xml version="1.0" encoding="UTF-8"?>
<testng-results skipped="0" failed="0" ignored="0" total="16" passed="16">
  <reporter-output>
  </reporter-output>
  <suite name="Default suite" duration-ms="11420" started-at="2021-09-27T12:53:28 CEST" finished-at="2021-09-27T12:53:39 CEST">
    <groups>
    </groups>
    <test name="Default test" duration-ms="11420" started-at="2021-09-27T12:53:28 CEST" finished-at="2021-09-27T12:53:39 CEST">
      <class name="ApiTaskTest.TestRest">
        <test-method status="PASS" signature="beforeSuite()[pri:0, instance:ApiTaskTest.TestRest@6f195bc3]" name="beforeSuite" is-config="true" duration-ms="628" started-at="2021-09-27T12:53:27 CEST" finished-at="2021-09-27T12:53:28 CEST">
          <reporter-output>
          </reporter-output>
        </test-method> <!-- beforeSuite -->
        <test-method status="PASS" signature="test_connection_to_api_simulator()[pri:0, instance:ApiTaskTest.TestRest@6f195bc3]" name="test_connection_to_api_simulator" duration-ms="2116" started-at="2021-09-27T12:53:28 CEST" finished-at="2021-09-27T12:53:30 CEST">
          <reporter-output>
          </reporter-output>
        </test-method> <!-- test_connection_to_api_simulator -->
        <test-method status="PASS" signature="test_failure_request(int,java.lang.String,java.lang.String,int,java.lang.String)[pri:0, instance:ApiTaskTest.TestRest@6f195bc3]" name="test_failure_request" duration-ms="1261" started-at="2021-09-27T12:53:30 CEST" data-provider="payloadForFailurePost" finished-at="2021-09-27T12:53:31 CEST">
          <params>
            <param index="0">
              <value>
                <![CDATA[-1]]>
              </value>
            </param>
            <param index="1">
              <value>
                <![CDATA[EUR]]>
              </value>
            </param>
            <param index="2">
              <value>
                <![CDATA[DE]]>
              </value>
            </param>
            <param index="3">
              <value>
                <![CDATA[400]]>
              </value>
            </param>
            <param index="4">
              <value>
                <![CDATA[Amount not allowed]]>
              </value>
            </param>
          </params>
          <reporter-output>
          </reporter-output>
        </test-method> <!-- test_failure_request -->
        <test-method status="PASS" signature="test_failure_request(int,java.lang.String,java.lang.String,int,java.lang.String)[pri:0, instance:ApiTaskTest.TestRest@6f195bc3]" name="test_failure_request" duration-ms="461" started-at="2021-09-27T12:53:31 CEST" data-provider="payloadForFailurePost" finished-at="2021-09-27T12:53:31 CEST">
          <params>
            <param index="0">
              <value>
                <![CDATA[1001]]>
              </value>
            </param>
            <param index="1">
              <value>
                <![CDATA[EUR]]>
              </value>
            </param>
            <param index="2">
              <value>
                <![CDATA[DE]]>
              </value>
            </param>
            <param index="3">
              <value>
                <![CDATA[400]]>
              </value>
            </param>
            <param index="4">
              <value>
                <![CDATA[Amount not allowed]]>
              </value>
            </param>
          </params>
          <reporter-output>
          </reporter-output>
        </test-method> <!-- test_failure_request -->
        <test-method status="PASS" signature="test_failure_request(int,java.lang.String,java.lang.String,int,java.lang.String)[pri:0, instance:ApiTaskTest.TestRest@6f195bc3]" name="test_failure_request" duration-ms="326" started-at="2021-09-27T12:53:31 CEST" data-provider="payloadForFailurePost" finished-at="2021-09-27T12:53:32 CEST">
          <params>
            <param index="0">
              <value>
                <![CDATA[600]]>
              </value>
            </param>
            <param index="1">
              <value>
                <![CDATA[EUR]]>
              </value>
            </param>
            <param index="2">
              <value>
                <![CDATA[AU]]>
              </value>
            </param>
            <param index="3">
              <value>
                <![CDATA[400]]>
              </value>
            </param>
            <param index="4">
              <value>
                <![CDATA[Currency not allowed on selected country]]>
              </value>
            </param>
          </params>
          <reporter-output>
          </reporter-output>
        </test-method> <!-- test_failure_request -->
        <test-method status="PASS" signature="test_failure_request(int,java.lang.String,java.lang.String,int,java.lang.String)[pri:0, instance:ApiTaskTest.TestRest@6f195bc3]" name="test_failure_request" duration-ms="340" started-at="2021-09-27T12:53:32 CEST" data-provider="payloadForFailurePost" finished-at="2021-09-27T12:53:32 CEST">
          <params>
            <param index="0">
              <value>
                <![CDATA[600]]>
              </value>
            </param>
            <param index="1">
              <value>
                <![CDATA[EUR]]>
              </value>
            </param>
            <param index="2">
              <value>
                <![CDATA[SG]]>
              </value>
            </param>
            <param index="3">
              <value>
                <![CDATA[400]]>
              </value>
            </param>
            <param index="4">
              <value>
                <![CDATA[Currency not allowed on selected country]]>
              </value>
            </param>
          </params>
          <reporter-output>
          </reporter-output>
        </test-method> <!-- test_failure_request -->
        <test-method status="PASS" signature="test_failure_request(int,java.lang.String,java.lang.String,int,java.lang.String)[pri:0, instance:ApiTaskTest.TestRest@6f195bc3]" name="test_failure_request" duration-ms="357" started-at="2021-09-27T12:53:32 CEST" data-provider="payloadForFailurePost" finished-at="2021-09-27T12:53:32 CEST">
          <params>
            <param index="0">
              <value>
                <![CDATA[100]]>
              </value>
            </param>
            <param index="1">
              <value>
                <![CDATA[AUD]]>
              </value>
            </param>
            <param index="2">
              <value>
                <![CDATA[DE]]>
              </value>
            </param>
            <param index="3">
              <value>
                <![CDATA[400]]>
              </value>
            </param>
            <param index="4">
              <value>
                <![CDATA[Currency not allowed on selected country]]>
              </value>
            </param>
          </params>
          <reporter-output>
          </reporter-output>
        </test-method> <!-- test_failure_request -->
        <test-method status="PASS" signature="test_failure_request(int,java.lang.String,java.lang.String,int,java.lang.String)[pri:0, instance:ApiTaskTest.TestRest@6f195bc3]" name="test_failure_request" duration-ms="310" started-at="2021-09-27T12:53:32 CEST" data-provider="payloadForFailurePost" finished-at="2021-09-27T12:53:33 CEST">
          <params>
            <param index="0">
              <value>
                <![CDATA[600]]>
              </value>
            </param>
            <param index="1">
              <value>
                <![CDATA[AUD]]>
              </value>
            </param>
            <param index="2">
              <value>
                <![CDATA[SG]]>
              </value>
            </param>
            <param index="3">
              <value>
                <![CDATA[400]]>
              </value>
            </param>
            <param index="4">
              <value>
                <![CDATA[Currency not allowed on selected country]]>
              </value>
            </param>
          </params>
          <reporter-output>
          </reporter-output>
        </test-method> <!-- test_failure_request -->
        <test-method status="PASS" signature="test_failure_request(int,java.lang.String,java.lang.String,int,java.lang.String)[pri:0, instance:ApiTaskTest.TestRest@6f195bc3]" name="test_failure_request" duration-ms="338" started-at="2021-09-27T12:53:33 CEST" data-provider="payloadForFailurePost" finished-at="2021-09-27T12:53:33 CEST">
          <params>
            <param index="0">
              <value>
                <![CDATA[600]]>
              </value>
            </param>
            <param index="1">
              <value>
                <![CDATA[SGD]]>
              </value>
            </param>
            <param index="2">
              <value>
                <![CDATA[DE]]>
              </value>
            </param>
            <param index="3">
              <value>
                <![CDATA[400]]>
              </value>
            </param>
            <param index="4">
              <value>
                <![CDATA[Currency not allowed on selected country]]>
              </value>
            </param>
          </params>
          <reporter-output>
          </reporter-output>
        </test-method> <!-- test_failure_request -->
        <test-method status="PASS" signature="test_failure_request(int,java.lang.String,java.lang.String,int,java.lang.String)[pri:0, instance:ApiTaskTest.TestRest@6f195bc3]" name="test_failure_request" duration-ms="316" started-at="2021-09-27T12:53:33 CEST" data-provider="payloadForFailurePost" finished-at="2021-09-27T12:53:33 CEST">
          <params>
            <param index="0">
              <value>
                <![CDATA[600]]>
              </value>
            </param>
            <param index="1">
              <value>
                <![CDATA[SGD]]>
              </value>
            </param>
            <param index="2">
              <value>
                <![CDATA[AU]]>
              </value>
            </param>
            <param index="3">
              <value>
                <![CDATA[400]]>
              </value>
            </param>
            <param index="4">
              <value>
                <![CDATA[Currency not allowed on selected country]]>
              </value>
            </param>
          </params>
          <reporter-output>
          </reporter-output>
        </test-method> <!-- test_failure_request -->
        <test-method status="PASS" signature="test_failure_request(int,java.lang.String,java.lang.String,int,java.lang.String)[pri:0, instance:ApiTaskTest.TestRest@6f195bc3]" name="test_failure_request" duration-ms="335" started-at="2021-09-27T12:53:33 CEST" data-provider="payloadForFailurePost" finished-at="2021-09-27T12:53:34 CEST">
          <params>
            <param index="0">
              <value>
                <![CDATA[200]]>
              </value>
            </param>
            <param index="1">
              <value>
                <![CDATA[EUR]]>
              </value>
            </param>
            <param index="2">
              <value>
                <![CDATA[]]>
              </value>
            </param>
            <param index="3">
              <value>
                <![CDATA[400]]>
              </value>
            </param>
            <param index="4">
              <value>
                <![CDATA[Country not allowed]]>
              </value>
            </param>
          </params>
          <reporter-output>
          </reporter-output>
        </test-method> <!-- test_failure_request -->
        <test-method status="PASS" signature="test_failure_request(int,java.lang.String,java.lang.String,int,java.lang.String)[pri:0, instance:ApiTaskTest.TestRest@6f195bc3]" name="test_failure_request" duration-ms="313" started-at="2021-09-27T12:53:34 CEST" data-provider="payloadForFailurePost" finished-at="2021-09-27T12:53:34 CEST">
          <params>
            <param index="0">
              <value>
                <![CDATA[100]]>
              </value>
            </param>
            <param index="1">
              <value>
                <![CDATA[]]>
              </value>
            </param>
            <param index="2">
              <value>
                <![CDATA[DE]]>
              </value>
            </param>
            <param index="3">
              <value>
                <![CDATA[400]]>
              </value>
            </param>
            <param index="4">
              <value>
                <![CDATA[Currency not allowed on selected country]]>
              </value>
            </param>
          </params>
          <reporter-output>
          </reporter-output>
        </test-method> <!-- test_failure_request -->
        <test-method status="PASS" signature="test_failure_request(int,java.lang.String,java.lang.String,int,java.lang.String)[pri:0, instance:ApiTaskTest.TestRest@6f195bc3]" name="test_failure_request" duration-ms="332" started-at="2021-09-27T12:53:34 CEST" data-provider="payloadForFailurePost" finished-at="2021-09-27T12:53:34 CEST">
          <params>
            <param index="0">
              <value>
                <![CDATA[800]]>
              </value>
            </param>
            <param index="1">
              <value>
                <![CDATA[]]>
              </value>
            </param>
            <param index="2">
              <value>
                <![CDATA[]]>
              </value>
            </param>
            <param index="3">
              <value>
                <![CDATA[400]]>
              </value>
            </param>
            <param index="4">
              <value>
                <![CDATA[Country not allowed]]>
              </value>
            </param>
          </params>
          <reporter-output>
          </reporter-output>
        </test-method> <!-- test_failure_request -->
        <test-method status="PASS" signature="test_successful_request(int,java.lang.String,java.lang.String,java.lang.String)[pri:0, instance:ApiTaskTest.TestRest@6f195bc3]" name="test_successful_request" duration-ms="2589" started-at="2021-09-27T12:53:34 CEST" data-provider="payloadForSuccessfulPost" finished-at="2021-09-27T12:53:37 CEST">
          <params>
            <param index="0">
              <value>
                <![CDATA[1000]]>
              </value>
            </param>
            <param index="1">
              <value>
                <![CDATA[EUR]]>
              </value>
            </param>
            <param index="2">
              <value>
                <![CDATA[DE]]>
              </value>
            </param>
            <param index="3">
              <value>
                <![CDATA[]]>
              </value>
            </param>
          </params>
          <reporter-output>
          </reporter-output>
        </test-method> <!-- test_successful_request -->
        <test-method status="PASS" signature="test_successful_request(int,java.lang.String,java.lang.String,java.lang.String)[pri:0, instance:ApiTaskTest.TestRest@6f195bc3]" name="test_successful_request" duration-ms="662" started-at="2021-09-27T12:53:37 CEST" data-provider="payloadForSuccessfulPost" finished-at="2021-09-27T12:53:38 CEST">
          <params>
            <param index="0">
              <value>
                <![CDATA[800]]>
              </value>
            </param>
            <param index="1">
              <value>
                <![CDATA[EUR]]>
              </value>
            </param>
            <param index="2">
              <value>
                <![CDATA[DE]]>
              </value>
            </param>
            <param index="3">
              <value>
                <![CDATA[]]>
              </value>
            </param>
          </params>
          <reporter-output>
          </reporter-output>
        </test-method> <!-- test_successful_request -->
        <test-method status="PASS" signature="test_successful_request(int,java.lang.String,java.lang.String,java.lang.String)[pri:0, instance:ApiTaskTest.TestRest@6f195bc3]" name="test_successful_request" duration-ms="646" started-at="2021-09-27T12:53:38 CEST" data-provider="payloadForSuccessfulPost" finished-at="2021-09-27T12:53:38 CEST">
          <params>
            <param index="0">
              <value>
                <![CDATA[0]]>
              </value>
            </param>
            <param index="1">
              <value>
                <![CDATA[EUR]]>
              </value>
            </param>
            <param index="2">
              <value>
                <![CDATA[DE]]>
              </value>
            </param>
            <param index="3">
              <value>
                <![CDATA[]]>
              </value>
            </param>
          </params>
          <reporter-output>
          </reporter-output>
        </test-method> <!-- test_successful_request -->
        <test-method status="PASS" signature="test_successful_request(int,java.lang.String,java.lang.String,java.lang.String)[pri:0, instance:ApiTaskTest.TestRest@6f195bc3]" name="test_successful_request" duration-ms="635" started-at="2021-09-27T12:53:38 CEST" data-provider="payloadForSuccessfulPost" finished-at="2021-09-27T12:53:39 CEST">
          <params>
            <param index="0">
              <value>
                <![CDATA[0]]>
              </value>
            </param>
            <param index="1">
              <value>
                <![CDATA[EUR]]>
              </value>
            </param>
            <param index="2">
              <value>
                <![CDATA[DE]]>
              </value>
            </param>
            <param index="3">
              <value>
                <![CDATA[Amount not provided]]>
              </value>
            </param>
          </params>
          <reporter-output>
          </reporter-output>
        </test-method> <!-- test_successful_request -->
      </class> <!-- ApiTaskTest.TestRest -->
    </test> <!-- Default test -->
  </suite> <!-- Default suite -->
</testng-results>
